2023-03-09 20:51:18,103  INFO [main] SauceDemo1-15Oct-Project:44 - BROWSER IS OPEN
2023-03-09 20:51:18,297  INFO [main] SauceDemo1-15Oct-Project:49 - BROWSER IS MAXIMISED
2023-03-09 20:51:20,728  INFO [main] SauceDemo1-15Oct-Project:54 - URL IS OPENED
2023-03-09 20:51:21,114  INFO [main] SauceDemo1-15Oct-Project:60 - SCREENSHOT US TAKEN
2023-03-09 20:51:21,792  INFO [main] SauceDemo1-15Oct-Project:69 - USERNAME IS ENTERED
2023-03-09 20:51:21,961  INFO [main] SauceDemo1-15Oct-Project:74 - PASSWORD IS ENTERED
2023-03-09 20:51:22,458  INFO [main] SauceDemo1-15Oct-Project:78 - CLICKED ON LOGIN BUTTON
2023-03-09 20:51:22,459  INFO [main] SauceDemo1-15Oct-Project:82 - WENT ON HOMEPAGE
2023-03-09 20:51:22,881  INFO [main] SauceDemo1-15Oct-Project:87 - SCREENSHOT IS TAKEN
2023-03-09 20:51:22,898  INFO [main] SauceDemo1-15Oct-Project:16 - APPLY VERIFAICATION
2023-03-09 20:51:22,918  INFO [main] SauceDemo1-15Oct-Project:32 - ASSERTION APPLY FOR PERFECT VERIFICATION RESULT
2023-03-09 20:51:23,997  INFO [main] SauceDemo1-15Oct-Project:95 - BROWSER IS CLOSED
2023-03-09 20:51:23,997  INFO [main] SauceDemo1-15Oct-Project:96 - END OF PROGRAM
2023-03-09 20:51:26,992  INFO [main] SauceDemo1-15Oct-Project:44 - BROWSER IS OPEN
2023-03-09 20:51:27,214  INFO [main] SauceDemo1-15Oct-Project:49 - BROWSER IS MAXIMISED
2023-03-09 20:51:28,580  INFO [main] SauceDemo1-15Oct-Project:54 - URL IS OPENED
2023-03-09 20:51:28,767  INFO [main] SauceDemo1-15Oct-Project:60 - SCREENSHOT US TAKEN
2023-03-09 20:51:29,154  INFO [main] SauceDemo1-15Oct-Project:69 - USERNAME IS ENTERED
2023-03-09 20:51:29,287  INFO [main] SauceDemo1-15Oct-Project:74 - PASSWORD IS ENTERED
2023-03-09 20:51:29,750  INFO [main] SauceDemo1-15Oct-Project:78 - CLICKED ON LOGIN BUTTON
2023-03-09 20:51:29,750  INFO [main] SauceDemo1-15Oct-Project:82 - WENT ON HOMEPAGE
2023-03-09 20:51:30,170  INFO [main] SauceDemo1-15Oct-Project:87 - SCREENSHOT IS TAKEN
2023-03-09 20:51:30,368  INFO [main] SauceDemo1-15Oct-Project:21 - CLICKED ON SETTING BUTTON
2023-03-09 20:51:30,517  INFO [main] SauceDemo1-15Oct-Project:25 - CLICKED ON LOGOUT BUTTON
2023-03-09 20:51:30,518  INFO [main] SauceDemo1-15Oct-Project:28 - WENT ON FRONT LOGIN PAGE
2023-03-09 20:51:30,813  INFO [main] SauceDemo1-15Oct-Project:33 - SCREENSHOT IS TAKEN
2023-03-09 20:51:30,813  INFO [main] SauceDemo1-15Oct-Project:36 - APPLY VERIFICATION
2023-03-09 20:51:30,824  INFO [main] SauceDemo1-15Oct-Project:52 - ASSERTION APPLY FOR PERFECT RESULT
2023-03-09 20:51:31,468  INFO [main] SauceDemo1-15Oct-Project:95 - BROWSER IS CLOSED
2023-03-09 20:51:31,468  INFO [main] SauceDemo1-15Oct-Project:96 - END OF PROGRAM
2023-03-09 20:51:33,512  INFO [main] SauceDemo1-15Oct-Project:44 - BROWSER IS OPEN
2023-03-09 20:51:33,640  INFO [main] SauceDemo1-15Oct-Project:49 - BROWSER IS MAXIMISED
2023-03-09 20:51:35,276  INFO [main] SauceDemo1-15Oct-Project:54 - URL IS OPENED
2023-03-09 20:51:35,515  INFO [main] SauceDemo1-15Oct-Project:60 - SCREENSHOT US TAKEN
2023-03-09 20:51:35,879  INFO [main] SauceDemo1-15Oct-Project:69 - USERNAME IS ENTERED
2023-03-09 20:51:36,017  INFO [main] SauceDemo1-15Oct-Project:74 - PASSWORD IS ENTERED
2023-03-09 20:51:36,464  INFO [main] SauceDemo1-15Oct-Project:78 - CLICKED ON LOGIN BUTTON
2023-03-09 20:51:36,464  INFO [main] SauceDemo1-15Oct-Project:82 - WENT ON HOMEPAGE
2023-03-09 20:51:36,971  INFO [main] SauceDemo1-15Oct-Project:87 - SCREENSHOT IS TAKEN
2023-03-09 20:51:37,100  INFO [main] SauceDemo1-15Oct-Project:19 - CLICKED ON BAG PRODUCT
2023-03-09 20:51:37,100  INFO [main] SauceDemo1-15Oct-Project:22 - APPLY VERIFICATION
2023-03-09 20:51:37,143  INFO [main] SauceDemo1-15Oct-Project:37 - ASSERTION APPLY FOR PERFECT RESULT
2023-03-09 20:51:37,515  INFO [main] SauceDemo1-15Oct-Project:95 - BROWSER IS CLOSED
2023-03-09 20:51:37,515  INFO [main] SauceDemo1-15Oct-Project:96 - END OF PROGRAM
2023-03-09 20:51:39,351  INFO [main] SauceDemo1-15Oct-Project:44 - BROWSER IS OPEN
2023-03-09 20:51:39,497  INFO [main] SauceDemo1-15Oct-Project:49 - BROWSER IS MAXIMISED
2023-03-09 20:51:40,589  INFO [main] SauceDemo1-15Oct-Project:54 - URL IS OPENED
2023-03-09 20:51:40,730  INFO [main] SauceDemo1-15Oct-Project:60 - SCREENSHOT US TAKEN
2023-03-09 20:51:40,921  INFO [main] SauceDemo1-15Oct-Project:69 - USERNAME IS ENTERED
2023-03-09 20:51:41,070  INFO [main] SauceDemo1-15Oct-Project:74 - PASSWORD IS ENTERED
2023-03-09 20:51:41,422  INFO [main] SauceDemo1-15Oct-Project:78 - CLICKED ON LOGIN BUTTON
2023-03-09 20:51:41,423  INFO [main] SauceDemo1-15Oct-Project:82 - WENT ON HOMEPAGE
2023-03-09 20:51:42,790  INFO [main] SauceDemo1-15Oct-Project:87 - SCREENSHOT IS TAKEN
2023-03-09 20:51:43,221  INFO [main] SauceDemo1-15Oct-Project:20 - CLICKED ON ALL PRODUCT
2023-03-09 20:51:43,222  INFO [main] SauceDemo1-15Oct-Project:23 - APPLY VERIFICATION
2023-03-09 20:51:43,268  INFO [main] SauceDemo1-15Oct-Project:38 - ASSERTION APPLY FOR PERFECT RESULT
2023-03-09 20:51:43,625  INFO [main] SauceDemo1-15Oct-Project:95 - BROWSER IS CLOSED
2023-03-09 20:51:43,625  INFO [main] SauceDemo1-15Oct-Project:96 - END OF PROGRAM
2023-03-11 16:14:21,642  INFO [main] SauceDemo1-15Oct-Project:44 - BROWSER IS OPEN
2023-03-11 16:14:21,810  INFO [main] SauceDemo1-15Oct-Project:49 - BROWSER IS MAXIMISED
2023-03-11 16:14:30,598  INFO [main] SauceDemo1-15Oct-Project:54 - URL IS OPENED
2023-03-11 16:14:31,071  INFO [main] SauceDemo1-15Oct-Project:60 - SCREENSHOT US TAKEN
2023-03-11 16:14:31,626  INFO [main] SauceDemo1-15Oct-Project:69 - USERNAME IS ENTERED
2023-03-11 16:14:31,764  INFO [main] SauceDemo1-15Oct-Project:74 - PASSWORD IS ENTERED
2023-03-11 16:14:32,263  INFO [main] SauceDemo1-15Oct-Project:78 - CLICKED ON LOGIN BUTTON
2023-03-11 16:14:32,264  INFO [main] SauceDemo1-15Oct-Project:82 - WENT ON HOMEPAGE
2023-03-11 16:14:32,823  INFO [main] SauceDemo1-15Oct-Project:87 - SCREENSHOT IS TAKEN
2023-03-11 16:14:32,833  INFO [main] SauceDemo1-15Oct-Project:16 - APPLY VERIFAICATION
2023-03-11 16:14:32,844  INFO [main] SauceDemo1-15Oct-Project:32 - ASSERTION APPLY FOR PERFECT VERIFICATION RESULT
2023-03-11 16:14:34,376  INFO [main] SauceDemo1-15Oct-Project:95 - BROWSER IS CLOSED
2023-03-11 16:14:34,376  INFO [main] SauceDemo1-15Oct-Project:96 - END OF PROGRAM
2023-03-11 16:14:36,717  INFO [main] SauceDemo1-15Oct-Project:44 - BROWSER IS OPEN
2023-03-11 16:14:36,877  INFO [main] SauceDemo1-15Oct-Project:49 - BROWSER IS MAXIMISED
2023-03-11 16:14:38,526  INFO [main] SauceDemo1-15Oct-Project:54 - URL IS OPENED
2023-03-11 16:14:38,700  INFO [main] SauceDemo1-15Oct-Project:60 - SCREENSHOT US TAKEN
2023-03-11 16:14:38,984  INFO [main] SauceDemo1-15Oct-Project:69 - USERNAME IS ENTERED
2023-03-11 16:14:39,176  INFO [main] SauceDemo1-15Oct-Project:74 - PASSWORD IS ENTERED
2023-03-11 16:14:40,013  INFO [main] SauceDemo1-15Oct-Project:78 - CLICKED ON LOGIN BUTTON
2023-03-11 16:14:40,014  INFO [main] SauceDemo1-15Oct-Project:82 - WENT ON HOMEPAGE
2023-03-11 16:14:40,492  INFO [main] SauceDemo1-15Oct-Project:87 - SCREENSHOT IS TAKEN
2023-03-11 16:14:40,711  INFO [main] SauceDemo1-15Oct-Project:21 - CLICKED ON SETTING BUTTON
2023-03-11 16:14:40,821  INFO [main] SauceDemo1-15Oct-Project:25 - CLICKED ON LOGOUT BUTTON
2023-03-11 16:14:40,821  INFO [main] SauceDemo1-15Oct-Project:28 - WENT ON FRONT LOGIN PAGE
2023-03-11 16:14:41,034  INFO [main] SauceDemo1-15Oct-Project:33 - SCREENSHOT IS TAKEN
2023-03-11 16:14:41,034  INFO [main] SauceDemo1-15Oct-Project:36 - APPLY VERIFICATION
2023-03-11 16:14:41,059  INFO [main] SauceDemo1-15Oct-Project:52 - ASSERTION APPLY FOR PERFECT RESULT
2023-03-11 16:14:41,799  INFO [main] SauceDemo1-15Oct-Project:95 - BROWSER IS CLOSED
2023-03-11 16:14:41,800  INFO [main] SauceDemo1-15Oct-Project:96 - END OF PROGRAM
2023-03-11 16:14:44,787  INFO [main] SauceDemo1-15Oct-Project:44 - BROWSER IS OPEN
2023-03-11 16:14:44,929  INFO [main] SauceDemo1-15Oct-Project:49 - BROWSER IS MAXIMISED
2023-03-11 16:14:46,735  INFO [main] SauceDemo1-15Oct-Project:54 - URL IS OPENED
2023-03-11 16:14:46,953  INFO [main] SauceDemo1-15Oct-Project:60 - SCREENSHOT US TAKEN
2023-03-11 16:14:47,211  INFO [main] SauceDemo1-15Oct-Project:69 - USERNAME IS ENTERED
2023-03-11 16:14:47,342  INFO [main] SauceDemo1-15Oct-Project:74 - PASSWORD IS ENTERED
2023-03-11 16:14:47,864  INFO [main] SauceDemo1-15Oct-Project:78 - CLICKED ON LOGIN BUTTON
2023-03-11 16:14:47,864  INFO [main] SauceDemo1-15Oct-Project:82 - WENT ON HOMEPAGE
2023-03-11 16:14:48,243  INFO [main] SauceDemo1-15Oct-Project:87 - SCREENSHOT IS TAKEN
2023-03-11 16:14:48,447  INFO [main] SauceDemo1-15Oct-Project:19 - CLICKED ON BAG PRODUCT
2023-03-11 16:14:48,448  INFO [main] SauceDemo1-15Oct-Project:22 - APPLY VERIFICATION
2023-03-11 16:14:48,528  INFO [main] SauceDemo1-15Oct-Project:37 - ASSERTION APPLY FOR PERFECT RESULT
2023-03-11 16:14:49,064  INFO [main] SauceDemo1-15Oct-Project:95 - BROWSER IS CLOSED
2023-03-11 16:14:49,065  INFO [main] SauceDemo1-15Oct-Project:96 - END OF PROGRAM
2023-03-11 16:14:50,860  INFO [main] SauceDemo1-15Oct-Project:44 - BROWSER IS OPEN
2023-03-11 16:14:50,989  INFO [main] SauceDemo1-15Oct-Project:49 - BROWSER IS MAXIMISED
2023-03-11 16:14:52,157  INFO [main] SauceDemo1-15Oct-Project:54 - URL IS OPENED
2023-03-11 16:14:52,408  INFO [main] SauceDemo1-15Oct-Project:60 - SCREENSHOT US TAKEN
2023-03-11 16:14:52,577  INFO [main] SauceDemo1-15Oct-Project:69 - USERNAME IS ENTERED
2023-03-11 16:14:52,696  INFO [main] SauceDemo1-15Oct-Project:74 - PASSWORD IS ENTERED
2023-03-11 16:14:52,945  INFO [main] SauceDemo1-15Oct-Project:78 - CLICKED ON LOGIN BUTTON
2023-03-11 16:14:52,945  INFO [main] SauceDemo1-15Oct-Project:82 - WENT ON HOMEPAGE
2023-03-11 16:14:53,316  INFO [main] SauceDemo1-15Oct-Project:87 - SCREENSHOT IS TAKEN
2023-03-11 16:14:53,711  INFO [main] SauceDemo1-15Oct-Project:20 - CLICKED ON ALL PRODUCT
2023-03-11 16:14:53,713  INFO [main] SauceDemo1-15Oct-Project:23 - APPLY VERIFICATION
2023-03-11 16:14:53,780  INFO [main] SauceDemo1-15Oct-Project:38 - ASSERTION APPLY FOR PERFECT RESULT
2023-03-11 16:14:54,157  INFO [main] SauceDemo1-15Oct-Project:95 - BROWSER IS CLOSED
2023-03-11 16:14:54,158  INFO [main] SauceDemo1-15Oct-Project:96 - END OF PROGRAM
